2025/05/09 18:08:04 ✅ Подключение к PostgreSQL успешно
2025/05/10 00:02:16 ❌ Ошибка при получении monthly_orders: pq: отношение "inbound" не существует
2025/05/10 15:24:26 ✅ Подключение к PostgreSQL успешно
2025/05/10 15:25:53 ✅ Подключение к PostgreSQL успешно
2025/05/10 15:29:30 ✅ Подключение к PostgreSQL успешно
2025/05/10 15:33:19 ✅ Подключение к PostgreSQL успешно
2025/05/10 15:34:44 ✅ Подключение к PostgreSQL успешно
2025/05/10 15:36:49 ✅ Подключение к PostgreSQL успешно
2025/05/10 15:39:49 ✅ Подключение к PostgreSQL успешно
2025/05/10 15:42:56 ✅ Подключение к PostgreSQL успешно
2025/05/10 15:44:49 ✅ Подключение к PostgreSQL успешно
2025/05/10 15:46:24 ✅ Подключение к PostgreSQL успешно
2025/05/10 15:46:57 ✅ Подключение к PostgreSQL успешно
2025/05/10 16:09:04 ✅ Подключение к PostgreSQL успешно
2025/05/10 16:10:55 ✅ Подключение к PostgreSQL успешно
2025/05/10 16:13:16 ✅ Подключение к PostgreSQL успешно
2025/05/10 16:15:25 ✅ Подключение к PostgreSQL успешно
2025/05/10 16:17:37 ✅ Подключение к PostgreSQL успешно
2025/05/10 16:20:25 ✅ Подключение к PostgreSQL успешно
2025/05/10 16:21:35 ✅ Подключение к PostgreSQL успешно
2025/05/10 16:23:25 ✅ Подключение к PostgreSQL успешно
2025/05/10 16:24:43 ✅ Подключение к PostgreSQL успешно
2025/05/10 16:26:54 ✅ Подключение к PostgreSQL успешно
2025/05/10 16:27:20 ✅ Подключение к PostgreSQL успешно
2025/05/10 16:30:26 ✅ Подключение к PostgreSQL успешно
2025/05/10 16:35:11 ✅ Подключение к PostgreSQL успешно
2025/05/10 16:37:39 ✅ Подключение к PostgreSQL успешно
2025/05/10 17:07:12 ✅ Подключение к PostgreSQL успешно
2025/05/10 18:44:39 ✅ Подключение к PostgreSQL успешно
2025/05/10 18:46:56 ✅ Подключение к PostgreSQL успешно
2025/05/10 18:47:29 ✅ Подключение к PostgreSQL успешно
2025/05/10 18:49:53 ✅ Подключение к PostgreSQL успешно
2025/05/10 18:51:43 ✅ Подключение к PostgreSQL успешно
2025/05/10 18:53:54 ✅ Подключение к PostgreSQL успешно
2025/05/10 18:56:25 ✅ Подключение к PostgreSQL успешно
2025/05/10 19:01:35 ✅ Подключение к PostgreSQL успешно
2025/05/10 19:02:36 ✅ Подключение к PostgreSQL успешно
2025/05/10 19:05:58 ✅ Подключение к PostgreSQL успешно
2025/05/12 15:00:44 ✅ Подключение к PostgreSQL успешно
2025/05/12 15:00:44 ❌ Ошибка при получении monthly_orders: pq: отношение "inbound" не существует
2025/05/12 15:23:51 ✅ Подключение к PostgreSQL успешно
2025/05/12 15:23:51 ❌ Ошибка при получении monthly_orders: pq: отношение "Inbound" не существует
2025/05/12 15:38:13 ✅ Подключение к PostgreSQL успешно
2025/05/12 15:41:29 ✅ Подключение к PostgreSQL успешно
2025/05/12 16:01:38 ✅ Подключение к PostgreSQL успешно
2025/05/12 16:05:49 ✅ Подключение к PostgreSQL успешно
2025/05/12 16:21:05 ✅ Подключение к PostgreSQL успешно
2025/05/12 16:21:38 ✅ Подключение к PostgreSQL успешно
2025/05/12 16:23:00 ✅ Подключение к PostgreSQL успешно
2025/05/12 16:25:50 ✅ Подключение к PostgreSQL успешно
2025/05/12 16:26:47 ✅ Подключение к PostgreSQL успешно
2025/05/12 16:27:39 ✅ Подключение к PostgreSQL успешно
2025/05/12 16:28:57 ✅ Подключение к PostgreSQL успешно
2025/05/12 16:38:09 ✅ Подключение к PostgreSQL успешно
2025/05/12 16:47:33 ✅ Подключение к PostgreSQL успешно
2025/05/12 16:54:11 ✅ Подключение к PostgreSQL успешно
2025/05/12 16:54:40 ✅ Подключение к PostgreSQL успешно
2025/05/12 16:55:21 ✅ Подключение к PostgreSQL успешно
2025/05/12 16:55:52 ✅ Подключение к PostgreSQL успешно
2025/05/12 16:56:59 ✅ Подключение к PostgreSQL успешно
2025/05/12 16:57:55 ✅ Подключение к PostgreSQL успешно
2025/05/12 16:58:41 ✅ Подключение к PostgreSQL успешно
2025/05/12 17:04:38 ✅ Подключение к PostgreSQL успешно
2025/05/12 17:05:20 ✅ Подключение к PostgreSQL успешно
2025/05/12 17:06:36 ✅ Подключение к PostgreSQL успешно
2025/05/12 17:07:07 ✅ Подключение к PostgreSQL успешно
2025/05/13 14:10:51 ✅ Подключение к PostgreSQL успешно
2025/05/13 14:16:08 ✅ Подключение к PostgreSQL успешно
2025/05/13 14:20:27 ✅ Подключение к PostgreSQL успешно
2025/05/13 14:22:59 ✅ Подключение к PostgreSQL успешно
2025/05/13 14:29:24 ✅ Подключение к PostgreSQL успешно
2025/05/13 14:31:43 ✅ Подключение к PostgreSQL успешно
2025/05/13 14:34:17 ✅ Подключение к PostgreSQL успешно
2025/05/13 14:43:07 ✅ Подключение к PostgreSQL успешно
2025/05/13 14:49:41 ✅ Подключение к PostgreSQL успешно
2025/05/13 14:51:04 ✅ Подключение к PostgreSQL успешно
2025/05/13 14:51:33 ✅ Подключение к PostgreSQL успешно
2025/05/13 14:53:05 ✅ Подключение к PostgreSQL успешно
2025/05/13 14:54:55 ✅ Подключение к PostgreSQL успешно
2025/05/13 14:59:20 ✅ Подключение к PostgreSQL успешно
2025/05/13 15:05:28 ✅ Подключение к PostgreSQL успешно
2025/05/13 15:05:59 ✅ Подключение к PostgreSQL успешно
2025/05/13 15:10:02 ✅ Подключение к PostgreSQL успешно
2025/05/13 15:12:02 ✅ Подключение к PostgreSQL успешно
2025/05/13 15:18:48 ✅ Подключение к PostgreSQL успешно
2025/05/13 15:21:04 ✅ Подключение к PostgreSQL успешно
2025/05/13 15:22:02 ✅ Подключение к PostgreSQL успешно
2025/05/13 15:27:08 ✅ Подключение к PostgreSQL успешно
2025/05/13 15:30:59 ✅ Подключение к PostgreSQL успешно
2025/05/13 15:33:43 ✅ Подключение к PostgreSQL успешно
2025/05/13 15:48:53 ✅ Подключение к PostgreSQL успешно
2025/05/13 15:53:40 ✅ Подключение к PostgreSQL успешно
2025/05/13 15:56:06 ✅ Подключение к PostgreSQL успешно
2025/05/13 15:59:10 ✅ Подключение к PostgreSQL успешно
2025/05/13 16:02:57 ✅ Подключение к PostgreSQL успешно
2025/05/13 16:08:37 ✅ Подключение к PostgreSQL успешно
2025/05/13 16:13:42 ✅ Подключение к PostgreSQL успешно
2025/05/13 16:17:49 ✅ Подключение к PostgreSQL успешно
2025/05/13 16:19:22 ✅ Подключение к PostgreSQL успешно
2025/05/13 16:20:52 ✅ Подключение к PostgreSQL успешно
2025/05/13 16:21:56 ✅ Подключение к PostgreSQL успешно
2025/05/13 16:23:57 ✅ Подключение к PostgreSQL успешно
2025/05/13 16:26:55 ✅ Подключение к PostgreSQL успешно
2025/05/13 16:28:49 ✅ Подключение к PostgreSQL успешно
2025/05/13 16:30:05 ✅ Подключение к PostgreSQL успешно
2025/05/13 16:30:05 ❌ Ошибка при получении данных остатков: missing destination name item_id in *[]model.ItemWithStock
2025/05/13 16:32:40 ✅ Подключение к PostgreSQL успешно
2025/05/13 16:32:40 ❌ Ошибка при получении данных остатков: missing destination name item_id in *[]model.ItemWithStock
2025/05/13 16:34:25 ✅ Подключение к PostgreSQL успешно
2025/05/13 16:34:25 ❌ Ошибка при получении данных остатков: missing destination name item_id in *[]model.ItemWithStock
2025/05/13 16:36:04 ✅ Подключение к PostgreSQL успешно
2025/05/13 16:36:04 ❌ Ошибка при получении данных остатков: missing destination name item_id in *[]model.ItemWithStock
2025/05/13 16:42:33 ✅ Подключение к PostgreSQL успешно
2025/05/15 03:45:43 ✅ Подключение к PostgreSQL успешно
2025/05/15 03:50:39 ✅ Подключение к PostgreSQL успешно
2025/05/15 03:52:48 ✅ Подключение к PostgreSQL успешно
2025/05/15 03:54:17 ✅ Подключение к PostgreSQL успешно
2025/05/15 03:57:40 ✅ Подключение к PostgreSQL успешно
2025/05/15 04:00:06 ✅ Подключение к PostgreSQL успешно
2025/05/15 04:02:51 ✅ Подключение к PostgreSQL успешно
2025/05/15 12:01:10 ✅ Подключение к PostgreSQL успешно
2025/05/15 12:03:29 ✅ Подключение к PostgreSQL успешно
2025/05/15 12:03:29 GetStockDetails вызван
2025/05/15 12:04:18 ✅ Подключение к PostgreSQL успешно
2025/05/15 12:04:18 GetStockDetails вызван
2025/05/15 12:06:30 ✅ Подключение к PostgreSQL успешно
2025/05/15 12:06:30 GetStockDetails вызван
2025/05/15 12:06:34 RemoveStock вызван
2025/05/15 12:06:34 GetStockDetails вызван
2025/05/15 12:07:47 ✅ Подключение к PostgreSQL успешно
2025/05/15 12:07:47 GetStockDetails вызван
2025/05/15 12:12:43 ✅ Подключение к PostgreSQL успешно
2025/05/15 12:13:15 ✅ Подключение к PostgreSQL успешно
2025/05/15 12:13:59 ✅ Подключение к PostgreSQL успешно
2025/05/15 12:15:52 ✅ Подключение к PostgreSQL успешно
2025/05/15 12:19:02 ✅ Подключение к PostgreSQL успешно
2025/05/15 12:24:45 ✅ Подключение к PostgreSQL успешно
2025/05/15 12:27:12 ✅ Подключение к PostgreSQL успешно
2025/05/15 12:34:24 ✅ Подключение к PostgreSQL успешно
2025/05/15 12:35:08 ✅ Подключение к PostgreSQL успешно
2025/05/15 12:37:59 ✅ Подключение к PostgreSQL успешно
